<?xml version="1.0" encoding="UTF-8"?>
<testsuite xmlns:xsi="http://www.w3.org/2001/XMLSchema-instance" xsi:noNamespaceSchemaLocation="https://maven.apache.org/surefire/maven-surefire-plugin/xsd/surefire-test-report-3.0.xsd" version="3.0" name="tests.CheckCourseCountTest" time="133.163" tests="4" errors="0" skipped="0" failures="0">
  <properties>
[...]
</properties>
  <testcase name="сheckCourseCountInTestingTab" classname="tests.CheckCourseCountTest" time="15.008">
    <system-out><![CDATA[[21:20:15.362] | DEBUG | main                             | InternalLoggerFactory            | Using Log4J2 as the default logging framework
[21:20:15.378] | DEBUG | main                             | ResourceLeakDetector             | -Dio.netty.leakDetection.level: simple
[21:20:15.378] | DEBUG | main                             | ResourceLeakDetector             | -Dio.netty.leakDetection.targetRecords: 4
[21:20:15.383] | DEBUG | main                             | ResourceLeakDetectorFactory      | Loaded default ResourceLeakDetector: io.netty.util.ResourceLeakDetector@1a5f7e7c
[21:20:15.442] | DEBUG | main                             | PlatformDependent0               | -Dio.netty.noUnsafe: false
[21:20:15.443] | DEBUG | main                             | PlatformDependent0               | Java version: 15
[21:20:15.445] | DEBUG | main                             | PlatformDependent0               | sun.misc.Unsafe.theUnsafe: available
[21:20:15.451] | DEBUG | main                             | PlatformDependent0               | sun.misc.Unsafe.copyMemory: available
[21:20:15.452] | DEBUG | main                             | PlatformDependent0               | java.nio.Buffer.address: available
[21:20:15.453] | DEBUG | main                             | PlatformDependent0               | direct buffer constructor: unavailable
java.lang.UnsupportedOperationException: Reflective setAccessible(true) disabled
	at io.netty.util.internal.ReflectionUtil.trySetAccessible(ReflectionUtil.java:31) ~[netty-common-4.1.73.Final.jar:4.1.73.Final]
	at io.netty.util.internal.PlatformDependent0$4.run(PlatformDependent0.java:253) ~[netty-common-4.1.73.Final.jar:4.1.73.Final]
	at java.security.AccessController.doPrivileged(AccessController.java:312) ~[?:?]
	at io.netty.util.internal.PlatformDependent0.<clinit>(PlatformDependent0.java:247) ~[netty-common-4.1.73.Final.jar:4.1.73.Final]
	at io.netty.util.internal.PlatformDependent.isAndroid(PlatformDependent.java:294) ~[netty-common-4.1.73.Final.jar:4.1.73.Final]
	at io.netty.util.internal.PlatformDependent.<clinit>(PlatformDependent.java:88) ~[netty-common-4.1.73.Final.jar:4.1.73.Final]
	at io.netty.util.HashedWheelTimer.<init>(HashedWheelTimer.java:114) ~[netty-common-4.1.73.Final.jar:4.1.73.Final]
	at io.netty.util.HashedWheelTimer.<init>(HashedWheelTimer.java:251) ~[netty-common-4.1.73.Final.jar:4.1.73.Final]
	at io.netty.util.HashedWheelTimer.<init>(HashedWheelTimer.java:224) ~[netty-common-4.1.73.Final.jar:4.1.73.Final]
	at io.netty.util.HashedWheelTimer.<init>(HashedWheelTimer.java:203) ~[netty-common-4.1.73.Final.jar:4.1.73.Final]
	at org.asynchttpclient.DefaultAsyncHttpClient.newNettyTimer(DefaultAsyncHttpClient.java:111) ~[async-http-client-2.12.3.jar:?]
	at org.asynchttpclient.DefaultAsyncHttpClient.<init>(DefaultAsyncHttpClient.java:90) ~[async-http-client-2.12.3.jar:?]
	at org.asynchttpclient.Dsl.asyncHttpClient(Dsl.java:32) ~[async-http-client-2.12.3.jar:?]
	at org.openqa.selenium.remote.http.netty.NettyClient.createHttpClient(NettyClient.java:105) ~[selenium-remote-driver-4.1.2.jar:?]
	at org.openqa.selenium.remote.http.netty.NettyClient.<clinit>(NettyClient.java:50) ~[selenium-remote-driver-4.1.2.jar:?]
	at org.openqa.selenium.remote.http.netty.NettyClient$Factory.createClient(NettyClient.java:146) ~[selenium-remote-driver-4.1.2.jar:?]
	at org.openqa.selenium.remote.HttpCommandExecutor.<init>(HttpCommandExecutor.java:107) ~[selenium-remote-driver-4.1.2.jar:?]
	at org.openqa.selenium.remote.HttpCommandExecutor.<init>(HttpCommandExecutor.java:94) ~[selenium-remote-driver-4.1.2.jar:?]
	at org.openqa.selenium.remote.HttpCommandExecutor.<init>(HttpCommandExecutor.java:85) ~[selenium-remote-driver-4.1.2.jar:?]
	at org.openqa.selenium.remote.HttpCommandExecutor.<init>(HttpCommandExecutor.java:66) ~[selenium-remote-driver-4.1.2.jar:?]
	at org.openqa.selenium.remote.service.DriverCommandExecutor.<init>(DriverCommandExecutor.java:67) ~[selenium-remote-driver-4.1.2.jar:?]
	at org.openqa.selenium.opera.OperaDriver.<init>(OperaDriver.java:111) ~[selenium-opera-driver-4.1.2.jar:?]
	at org.openqa.selenium.opera.OperaDriver.<init>(OperaDriver.java:98) ~[selenium-opera-driver-4.1.2.jar:?]
	at org.openqa.selenium.opera.OperaDriver.<init>(OperaDriver.java:87) ~[selenium-opera-driver-4.1.2.jar:?]
	at wdFactory.WebDriverFactory.create(WebDriverFactory.java:24) ~[test-classes/:?]
	at tests.BaseTest.initDriver(BaseTest.java:34) ~[test-classes/:?]
	at tests.CheckCourseCountTest.сheckCourseCountInTestingTab(CheckCourseCountTest.java:13) ~[test-classes/:?]
	at jdk.internal.reflect.NativeMethodAccessorImpl.invoke0(Native Method) ~[?:?]
	at jdk.internal.reflect.NativeMethodAccessorImpl.invoke(NativeMethodAccessorImpl.java:64) ~[?:?]
	at jdk.internal.reflect.DelegatingMethodAccessorImpl.invoke(DelegatingMethodAccessorImpl.java:43) ~[?:?]
	at java.lang.reflect.Method.invoke(Method.java:564) ~[?:?]
	at org.junit.runners.model.FrameworkMethod$1.runReflectiveCall(FrameworkMethod.java:59) ~[junit-4.13.2.jar:4.13.2]
	at org.junit.internal.runners.model.ReflectiveCallable.run(ReflectiveCallable.java:12) ~[junit-4.13.2.jar:4.13.2]
	at org.junit.runners.model.FrameworkMethod.invokeExplosively(FrameworkMethod.java:56) ~[junit-4.13.2.jar:4.13.2]
	at org.junit.internal.runners.statements.InvokeMethod.evaluate(InvokeMethod.java:17) ~[junit-4.13.2.jar:4.13.2]
	at org.junit.internal.runners.statements.RunAfters.evaluate(RunAfters.java:27) ~[junit-4.13.2.jar:4.13.2]
	at org.junit.runners.ParentRunner$3.evaluate(ParentRunner.java:306) ~[junit-4.13.2.jar:4.13.2]
	at org.junit.runners.BlockJUnit4ClassRunner$1.evaluate(BlockJUnit4ClassRunner.java:100) ~[junit-4.13.2.jar:4.13.2]
	at org.junit.runners.ParentRunner.runLeaf(ParentRunner.java:366) ~[junit-4.13.2.jar:4.13.2]
	at org.junit.runners.BlockJUnit4ClassRunner.runChild(BlockJUnit4ClassRunner.java:103) ~[junit-4.13.2.jar:4.13.2]
	at org.junit.runners.BlockJUnit4ClassRunner.runChild(BlockJUnit4ClassRunner.java:63) ~[junit-4.13.2.jar:4.13.2]
	at org.junit.runners.ParentRunner$4.run(ParentRunner.java:331) ~[junit-4.13.2.jar:4.13.2]
	at org.junit.runners.ParentRunner$1.schedule(ParentRunner.java:79) ~[junit-4.13.2.jar:4.13.2]
	at org.junit.runners.ParentRunner.runChildren(ParentRunner.java:329) ~[junit-4.13.2.jar:4.13.2]
	at org.junit.runners.ParentRunner.access$100(ParentRunner.java:66) ~[junit-4.13.2.jar:4.13.2]
	at org.junit.runners.ParentRunner$2.evaluate(ParentRunner.java:293) ~[junit-4.13.2.jar:4.13.2]
	at org.junit.runners.ParentRunner$3.evaluate(ParentRunner.java:306) ~[junit-4.13.2.jar:4.13.2]
	at org.junit.runners.ParentRunner.run(ParentRunner.java:413) ~[junit-4.13.2.jar:4.13.2]
	at org.apache.maven.surefire.junit4.JUnit4Provider.execute(JUnit4Provider.java:377) ~[surefire-junit4-3.0.0-M6.jar:3.0.0-M6]
	at org.apache.maven.surefire.junit4.JUnit4Provider.executeWithRerun(JUnit4Provider.java:284) ~[surefire-junit4-3.0.0-M6.jar:3.0.0-M6]
	at org.apache.maven.surefire.junit4.JUnit4Provider.executeTestSet(JUnit4Provider.java:248) ~[surefire-junit4-3.0.0-M6.jar:3.0.0-M6]
	at org.apache.maven.surefire.junit4.JUnit4Provider.invoke(JUnit4Provider.java:167) ~[surefire-junit4-3.0.0-M6.jar:3.0.0-M6]
	at org.apache.maven.surefire.booter.ForkedBooter.runSuitesInProcess(ForkedBooter.java:456) ~[surefire-booter-3.0.0-M6.jar:3.0.0-M6]
	at org.apache.maven.surefire.booter.ForkedBooter.execute(ForkedBooter.java:169) ~[surefire-booter-3.0.0-M6.jar:3.0.0-M6]
	at org.apache.maven.surefire.booter.ForkedBooter.run(ForkedBooter.java:595) ~[surefire-booter-3.0.0-M6.jar:3.0.0-M6]
	at org.apache.maven.surefire.booter.ForkedBooter.main(ForkedBooter.java:581) ~[surefire-booter-3.0.0-M6.jar:3.0.0-M6]
[21:20:15.462] | DEBUG | main                             | PlatformDependent0               | java.nio.Bits.unaligned: available, true
[21:20:15.465] | DEBUG | main                             | PlatformDependent0               | jdk.internal.misc.Unsafe.allocateUninitializedArray(int): unavailable
java.lang.IllegalAccessException: class io.netty.util.internal.PlatformDependent0$6 cannot access class jdk.internal.misc.Unsafe (in module java.base) because module java.base does not export jdk.internal.misc to unnamed module @1eb6e1c
	at jdk.internal.reflect.Reflection.newIllegalAccessException(Reflection.java:385) ~[?:?]
	at java.lang.reflect.AccessibleObject.checkAccess(AccessibleObject.java:693) ~[?:?]
	at java.lang.reflect.Method.invoke(Method.java:556) ~[?:?]
	at io.netty.util.internal.PlatformDependent0$6.run(PlatformDependent0.java:375) ~[netty-common-4.1.73.Final.jar:4.1.73.Final]
	at java.security.AccessController.doPrivileged(AccessController.java:312) ~[?:?]
	at io.netty.util.internal.PlatformDependent0.<clinit>(PlatformDependent0.java:366) ~[netty-common-4.1.73.Final.jar:4.1.73.Final]
	at io.netty.util.internal.PlatformDependent.isAndroid(PlatformDependent.java:294) ~[netty-common-4.1.73.Final.jar:4.1.73.Final]
	at io.netty.util.internal.PlatformDependent.<clinit>(PlatformDependent.java:88) ~[netty-common-4.1.73.Final.jar:4.1.73.Final]
	at io.netty.util.HashedWheelTimer.<init>(HashedWheelTimer.java:114) ~[netty-common-4.1.73.Final.jar:4.1.73.Final]
	at io.netty.util.HashedWheelTimer.<init>(HashedWheelTimer.java:251) ~[netty-common-4.1.73.Final.jar:4.1.73.Final]
	at io.netty.util.HashedWheelTimer.<init>(HashedWheelTimer.java:224) ~[netty-common-4.1.73.Final.jar:4.1.73.Final]
	at io.netty.util.HashedWheelTimer.<init>(HashedWheelTimer.java:203) ~[netty-common-4.1.73.Final.jar:4.1.73.Final]
	at org.asynchttpclient.DefaultAsyncHttpClient.newNettyTimer(DefaultAsyncHttpClient.java:111) ~[async-http-client-2.12.3.jar:?]
	at org.asynchttpclient.DefaultAsyncHttpClient.<init>(DefaultAsyncHttpClient.java:90) ~[async-http-client-2.12.3.jar:?]
	at org.asynchttpclient.Dsl.asyncHttpClient(Dsl.java:32) ~[async-http-client-2.12.3.jar:?]
	at org.openqa.selenium.remote.http.netty.NettyClient.createHttpClient(NettyClient.java:105) ~[selenium-remote-driver-4.1.2.jar:?]
	at org.openqa.selenium.remote.http.netty.NettyClient.<clinit>(NettyClient.java:50) ~[selenium-remote-driver-4.1.2.jar:?]
	at org.openqa.selenium.remote.http.netty.NettyClient$Factory.createClient(NettyClient.java:146) ~[selenium-remote-driver-4.1.2.jar:?]
	at org.openqa.selenium.remote.HttpCommandExecutor.<init>(HttpCommandExecutor.java:107) ~[selenium-remote-driver-4.1.2.jar:?]
	at org.openqa.selenium.remote.HttpCommandExecutor.<init>(HttpCommandExecutor.java:94) ~[selenium-remote-driver-4.1.2.jar:?]
	at org.openqa.selenium.remote.HttpCommandExecutor.<init>(HttpCommandExecutor.java:85) ~[selenium-remote-driver-4.1.2.jar:?]
	at org.openqa.selenium.remote.HttpCommandExecutor.<init>(HttpCommandExecutor.java:66) ~[selenium-remote-driver-4.1.2.jar:?]
	at org.openqa.selenium.remote.service.DriverCommandExecutor.<init>(DriverCommandExecutor.java:67) ~[selenium-remote-driver-4.1.2.jar:?]
	at org.openqa.selenium.opera.OperaDriver.<init>(OperaDriver.java:111) ~[selenium-opera-driver-4.1.2.jar:?]
	at org.openqa.selenium.opera.OperaDriver.<init>(OperaDriver.java:98) ~[selenium-opera-driver-4.1.2.jar:?]
	at org.openqa.selenium.opera.OperaDriver.<init>(OperaDriver.java:87) ~[selenium-opera-driver-4.1.2.jar:?]
	at wdFactory.WebDriverFactory.create(WebDriverFactory.java:24) ~[test-classes/:?]
	at tests.BaseTest.initDriver(BaseTest.java:34) ~[test-classes/:?]
	at tests.CheckCourseCountTest.сheckCourseCountInTestingTab(CheckCourseCountTest.java:13) ~[test-classes/:?]
	at jdk.internal.reflect.NativeMethodAccessorImpl.invoke0(Native Method) ~[?:?]
	at jdk.internal.reflect.NativeMethodAccessorImpl.invoke(NativeMethodAccessorImpl.java:64) ~[?:?]
	at jdk.internal.reflect.DelegatingMethodAccessorImpl.invoke(DelegatingMethodAccessorImpl.java:43) ~[?:?]
	at java.lang.reflect.Method.invoke(Method.java:564) ~[?:?]
	at org.junit.runners.model.FrameworkMethod$1.runReflectiveCall(FrameworkMethod.java:59) ~[junit-4.13.2.jar:4.13.2]
	at org.junit.internal.runners.model.ReflectiveCallable.run(ReflectiveCallable.java:12) ~[junit-4.13.2.jar:4.13.2]
	at org.junit.runners.model.FrameworkMethod.invokeExplosively(FrameworkMethod.java:56) ~[junit-4.13.2.jar:4.13.2]
	at org.junit.internal.runners.statements.InvokeMethod.evaluate(InvokeMethod.java:17) ~[junit-4.13.2.jar:4.13.2]
	at org.junit.internal.runners.statements.RunAfters.evaluate(RunAfters.java:27) ~[junit-4.13.2.jar:4.13.2]
	at org.junit.runners.ParentRunner$3.evaluate(ParentRunner.java:306) ~[junit-4.13.2.jar:4.13.2]
	at org.junit.runners.BlockJUnit4ClassRunner$1.evaluate(BlockJUnit4ClassRunner.java:100) ~[junit-4.13.2.jar:4.13.2]
	at org.junit.runners.ParentRunner.runLeaf(ParentRunner.java:366) ~[junit-4.13.2.jar:4.13.2]
	at org.junit.runners.BlockJUnit4ClassRunner.runChild(BlockJUnit4ClassRunner.java:103) ~[junit-4.13.2.jar:4.13.2]
	at org.junit.runners.BlockJUnit4ClassRunner.runChild(BlockJUnit4ClassRunner.java:63) ~[junit-4.13.2.jar:4.13.2]
	at org.junit.runners.ParentRunner$4.run(ParentRunner.java:331) ~[junit-4.13.2.jar:4.13.2]
	at org.junit.runners.ParentRunner$1.schedule(ParentRunner.java:79) ~[junit-4.13.2.jar:4.13.2]
	at org.junit.runners.ParentRunner.runChildren(ParentRunner.java:329) ~[junit-4.13.2.jar:4.13.2]
	at org.junit.runners.ParentRunner.access$100(ParentRunner.java:66) ~[junit-4.13.2.jar:4.13.2]
	at org.junit.runners.ParentRunner$2.evaluate(ParentRunner.java:293) ~[junit-4.13.2.jar:4.13.2]
	at org.junit.runners.ParentRunner$3.evaluate(ParentRunner.java:306) ~[junit-4.13.2.jar:4.13.2]
	at org.junit.runners.ParentRunner.run(ParentRunner.java:413) ~[junit-4.13.2.jar:4.13.2]
	at org.apache.maven.surefire.junit4.JUnit4Provider.execute(JUnit4Provider.java:377) ~[surefire-junit4-3.0.0-M6.jar:3.0.0-M6]
	at org.apache.maven.surefire.junit4.JUnit4Provider.executeWithRerun(JUnit4Provider.java:284) ~[surefire-junit4-3.0.0-M6.jar:3.0.0-M6]
	at org.apache.maven.surefire.junit4.JUnit4Provider.executeTestSet(JUnit4Provider.java:248) ~[surefire-junit4-3.0.0-M6.jar:3.0.0-M6]
	at org.apache.maven.surefire.junit4.JUnit4Provider.invoke(JUnit4Provider.java:167) ~[surefire-junit4-3.0.0-M6.jar:3.0.0-M6]
	at org.apache.maven.surefire.booter.ForkedBooter.runSuitesInProcess(ForkedBooter.java:456) ~[surefire-booter-3.0.0-M6.jar:3.0.0-M6]
	at org.apache.maven.surefire.booter.ForkedBooter.execute(ForkedBooter.java:169) ~[surefire-booter-3.0.0-M6.jar:3.0.0-M6]
	at org.apache.maven.surefire.booter.ForkedBooter.run(ForkedBooter.java:595) ~[surefire-booter-3.0.0-M6.jar:3.0.0-M6]
	at org.apache.maven.surefire.booter.ForkedBooter.main(ForkedBooter.java:581) ~[surefire-booter-3.0.0-M6.jar:3.0.0-M6]
[21:20:15.486] | DEBUG | main                             | PlatformDependent0               | java.nio.DirectByteBuffer.<init>(long, int): unavailable
[21:20:15.487] | DEBUG | main                             | PlatformDependent                | sun.misc.Unsafe: available
[21:20:15.487] | DEBUG | main                             | PlatformDependent                | maxDirectMemory: 2116026368 bytes (maybe)
[21:20:15.488] | DEBUG | main                             | PlatformDependent                | -Dio.netty.tmpdir: C:\Users\Alfred\AppData\Local\Temp (java.io.tmpdir)
[21:20:15.488] | DEBUG | main                             | PlatformDependent                | -Dio.netty.bitMode: 64 (sun.arch.data.model)
[21:20:15.488] | DEBUG | main                             | PlatformDependent                | Platform: Windows
[21:20:15.489] | DEBUG | main                             | PlatformDependent                | -Dio.netty.maxDirectMemory: -1 bytes
[21:20:15.490] | DEBUG | main                             | PlatformDependent                | -Dio.netty.uninitializedArrayAllocationThreshold: -1
[21:20:15.497] | DEBUG | main                             | CleanerJava9                     | java.nio.ByteBuffer.cleaner(): available
[21:20:15.497] | DEBUG | main                             | PlatformDependent                | -Dio.netty.noPreferDirect: false
[21:20:15.508] | DEBUG | main                             | PlatformDependent                | org.jctools-core.MpscChunkedArrayQueue: available
[21:20:15.528] | DEBUG | main                             | InternalThreadLocalMap           | -Dio.netty.threadLocalMap.stringBuilder.initialSize: 1024
[21:20:15.529] | DEBUG | main                             | InternalThreadLocalMap           | -Dio.netty.threadLocalMap.stringBuilder.maxSize: 4096
[21:20:15.544] | DEBUG | main                             | JdkSslContext                    | Default protocols (JDK): [TLSv1.3, TLSv1.2, TLSv1.1, TLSv1] 
[21:20:15.545] | DEBUG | main                             | JdkSslContext                    | Default cipher suites (JDK): [TLS_ECDHE_ECDSA_WITH_AES_256_GCM_SHA384, TLS_ECDHE_ECDSA_WITH_AES_128_GCM_SHA256, TLS_ECDHE_RSA_WITH_AES_128_GCM_SHA256, TLS_ECDHE_RSA_WITH_AES_256_GCM_SHA384, TLS_ECDHE_RSA_WITH_AES_128_CBC_SHA, TLS_ECDHE_RSA_WITH_AES_256_CBC_SHA, TLS_RSA_WITH_AES_128_GCM_SHA256, TLS_RSA_WITH_AES_128_CBC_SHA, TLS_RSA_WITH_AES_256_CBC_SHA, TLS_AES_128_GCM_SHA256, TLS_AES_256_GCM_SHA384]
[21:20:15.582] | DEBUG | main                             | MultithreadEventLoopGroup        | -Dio.netty.eventLoopThreads: 8
[21:20:15.598] | DEBUG | main                             | NioEventLoop                     | -Dio.netty.noKeySetOptimization: false
[21:20:15.599] | DEBUG | main                             | NioEventLoop                     | -Dio.netty.selectorAutoRebuildThreshold: 512
[21:20:15.616] | TRACE | main                             | NioEventLoop                     | instrumented a special java.util.Set into: sun.nio.ch.WindowsSelectorImpl@61fafb74
[21:20:15.618] | TRACE | main                             | NioEventLoop                     | instrumented a special java.util.Set into: sun.nio.ch.WindowsSelectorImpl@23811a09
[21:20:15.620] | TRACE | main                             | NioEventLoop                     | instrumented a special java.util.Set into: sun.nio.ch.WindowsSelectorImpl@2125ad3
[21:20:15.621] | TRACE | main                             | NioEventLoop                     | instrumented a special java.util.Set into: sun.nio.ch.WindowsSelectorImpl@7a5b769b
[21:20:15.622] | TRACE | main                             | NioEventLoop                     | instrumented a special java.util.Set into: sun.nio.ch.WindowsSelectorImpl@f4c0e4e
[21:20:15.624] | TRACE | main                             | NioEventLoop                     | instrumented a special java.util.Set into: sun.nio.ch.WindowsSelectorImpl@24361cfc
[21:20:15.626] | TRACE | main                             | NioEventLoop                     | instrumented a special java.util.Set into: sun.nio.ch.WindowsSelectorImpl@34e20e6b
[21:20:15.628] | TRACE | main                             | NioEventLoop                     | instrumented a special java.util.Set into: sun.nio.ch.WindowsSelectorImpl@15ac59c2
[21:20:15.649] | DEBUG | main                             | PooledByteBufAllocator           | -Dio.netty.allocator.numHeapArenas: 8
[21:20:15.649] | DEBUG | main                             | PooledByteBufAllocator           | -Dio.netty.allocator.numDirectArenas: 8
[21:20:15.650] | DEBUG | main                             | PooledByteBufAllocator           | -Dio.netty.allocator.pageSize: 8192
[21:20:15.650] | DEBUG | main                             | PooledByteBufAllocator           | -Dio.netty.allocator.maxOrder: 11
[21:20:15.650] | DEBUG | main                             | PooledByteBufAllocator           | -Dio.netty.allocator.chunkSize: 16777216
[21:20:15.650] | DEBUG | main                             | PooledByteBufAllocator           | -Dio.netty.allocator.smallCacheSize: 256
[21:20:15.650] | DEBUG | main                             | PooledByteBufAllocator           | -Dio.netty.allocator.normalCacheSize: 64
[21:20:15.651] | DEBUG | main                             | PooledByteBufAllocator           | -Dio.netty.allocator.maxCachedBufferCapacity: 32768
[21:20:15.651] | DEBUG | main                             | PooledByteBufAllocator           | -Dio.netty.allocator.cacheTrimInterval: 8192
[21:20:15.651] | DEBUG | main                             | PooledByteBufAllocator           | -Dio.netty.allocator.cacheTrimIntervalMillis: 0
[21:20:15.651] | DEBUG | main                             | PooledByteBufAllocator           | -Dio.netty.allocator.useCacheForAllThreads: true
[21:20:15.651] | DEBUG | main                             | PooledByteBufAllocator           | -Dio.netty.allocator.maxCachedByteBuffersPerChunk: 1023
[21:20:15.662] | DEBUG | main                             | ByteBufUtil                      | -Dio.netty.allocator.type: pooled
[21:20:15.662] | DEBUG | main                             | ByteBufUtil                      | -Dio.netty.threadLocalDirectBufferSize: 0
[21:20:15.662] | DEBUG | main                             | ByteBufUtil                      | -Dio.netty.maxThreadLocalCharBufferSize: 16384
[21:20:16.508] | DEBUG | rding newSession on session null to remote | DefaultChannelId                 | -Dio.netty.processId: 14132 (auto-detected)
[21:20:16.510] | DEBUG | rding newSession on session null to remote | NetUtil                          | -Djava.net.preferIPv4Stack: false
[21:20:16.510] | DEBUG | rding newSession on session null to remote | NetUtil                          | -Djava.net.preferIPv6Addresses: false
[21:20:16.521] | DEBUG | rding newSession on session null to remote | NetUtilInitializations           | Loopback interface: lo (Software Loopback Interface 1, 127.0.0.1)
[21:20:16.522] | DEBUG | rding newSession on session null to remote | NetUtil                          | Failed to get SOMAXCONN from sysctl and file \proc\sys\net\core\somaxconn. Default: 200
[21:20:16.552] | DEBUG | rding newSession on session null to remote | DefaultChannelId                 | -Dio.netty.machineId: d8:cb:8a:ff:fe:99:ef:cf (auto-detected)
[21:20:16.607] | DEBUG | AsyncHttpClient-1-2              | AbstractByteBuf                  | -Dio.netty.buffer.checkAccessible: true
[21:20:16.607] | DEBUG | AsyncHttpClient-1-2              | AbstractByteBuf                  | -Dio.netty.buffer.checkBounds: true
[21:20:16.608] | DEBUG | AsyncHttpClient-1-2              | ResourceLeakDetectorFactory      | Loaded default ResourceLeakDetector: io.netty.util.ResourceLeakDetector@4de8c14c
[21:20:16.632] | DEBUG | AsyncHttpClient-1-2              | Recycler                         | -Dio.netty.recycler.maxCapacityPerThread: 4096
[21:20:16.632] | DEBUG | AsyncHttpClient-1-2              | Recycler                         | -Dio.netty.recycler.ratio: 8
[21:20:16.632] | DEBUG | AsyncHttpClient-1-2              | Recycler                         | -Dio.netty.recycler.chunkSize: 32
[21:20:16.633] | DEBUG | AsyncHttpClient-1-2              | Recycler                         | -Dio.netty.recycler.blocking: false
[21:20:20.231] | DEBUG | AsyncHttpClient-1-2              | Brotli                           | brotli4j not in the classpath; Brotli support will be unavailable.
]]></system-out>
    <system-err><![CDATA[SLF4J: Failed to load class "org.slf4j.impl.StaticLoggerBinder".
SLF4J: Defaulting to no-operation (NOP) logger implementation
SLF4J: See http://www.slf4j.org/codes.html#StaticLoggerBinder for further details.
Starting OperaDriver 100.0.4896.127 (ff0d0695743e65305d7194f9bd309e5e1c824aa0-refs/branch-heads/4896_88@{#4}) on port 60978
Only local connections are allowed.
Please see https://chromedriver.chromium.org/security-considerations for suggestions on keeping OperaDriver safe.
OperaDriver was started successfully.
мая 15, 2022 9:20:20 PM org.openqa.selenium.remote.ProtocolHandshake createSession
INFO: Detected dialect: OSS
]]></system-err>
  </testcase>
  <testcase name="checkCourseCard" classname="tests.CheckCourseCountTest" time="42.384">
    <system-err><![CDATA[Starting OperaDriver 100.0.4896.127 (ff0d0695743e65305d7194f9bd309e5e1c824aa0-refs/branch-heads/4896_88@{#4}) on port 54557
Only local connections are allowed.
Please see https://chromedriver.chromium.org/security-considerations for suggestions on keeping OperaDriver safe.
OperaDriver was started successfully.
мая 15, 2022 9:20:30 PM org.openqa.selenium.remote.ProtocolHandshake createSession
INFO: Detected dialect: OSS
]]></system-err>
  </testcase>
  <testcase name="eventsDateValidation" classname="tests.CheckCourseCountTest" time="37.265">
    <system-err><![CDATA[Starting OperaDriver 100.0.4896.127 (ff0d0695743e65305d7194f9bd309e5e1c824aa0-refs/branch-heads/4896_88@{#4}) on port 61260
Only local connections are allowed.
Please see https://chromedriver.chromium.org/security-considerations for suggestions on keeping OperaDriver safe.
OperaDriver was started successfully.
мая 15, 2022 9:21:13 PM org.openqa.selenium.remote.ProtocolHandshake createSession
INFO: Detected dialect: OSS
]]></system-err>
  </testcase>
  <testcase name="checkSortEventByDOD" classname="tests.CheckCourseCountTest" time="38.442">
    <system-err><![CDATA[Starting OperaDriver 100.0.4896.127 (ff0d0695743e65305d7194f9bd309e5e1c824aa0-refs/branch-heads/4896_88@{#4}) on port 55898
Only local connections are allowed.
Please see https://chromedriver.chromium.org/security-considerations for suggestions on keeping OperaDriver safe.
OperaDriver was started successfully.
мая 15, 2022 9:21:49 PM org.openqa.selenium.remote.ProtocolHandshake createSession
INFO: Detected dialect: OSS
]]></system-err>
  </testcase>
</testsuite>